  Game.cpp
C:\Users\canad\OneDrive\Escritorio\Daniel M\UCSC\2022-3 Fall\Fundamentals of Game Engineering\Assignments\Homework 3\Particles and inheritance\Game.cpp(48,93): warning C4244: 'argument': conversion from 'T' to 'T', possible loss of data
          with
          [
              T=int
          ]
          and
          [
              T=float
          ]
C:\Users\canad\OneDrive\Escritorio\Daniel M\UCSC\2022-3 Fall\Fundamentals of Game Engineering\Assignments\Homework 3\Particles and inheritance\Game.cpp(48,63): warning C4244: 'argument': conversion from 'T' to 'T', possible loss of data
          with
          [
              T=int
          ]
          and
          [
              T=float
          ]
C:\Users\canad\OneDrive\Escritorio\Daniel M\UCSC\2022-3 Fall\Fundamentals of Game Engineering\Assignments\Homework 3\Particles and inheritance\Game.cpp(51,90): warning C4244: 'argument': conversion from 'T' to 'T', possible loss of data
          with
          [
              T=int
          ]
          and
          [
              T=float
          ]
C:\Users\canad\OneDrive\Escritorio\Daniel M\UCSC\2022-3 Fall\Fundamentals of Game Engineering\Assignments\Homework 3\Particles and inheritance\Game.cpp(51,60): warning C4244: 'argument': conversion from 'T' to 'T', possible loss of data
          with
          [
              T=int
          ]
          and
          [
              T=float
          ]
  Particles and inheritance.vcxproj -> C:\Users\canad\OneDrive\Escritorio\Daniel M\UCSC\2022-3 Fall\Fundamentals of Game Engineering\Assignments\Homework 3\x64\Debug\Particles and inheritance.exe
